<?xml version="1.0" encoding="UTF-8"?>
<!-- Generated by org.testng.reporters.JUnitXMLReporter -->
<testsuite ignored="0" hostname="COGNINE-L165" failures="0" tests="15" name="Test" time="14.419" errors="0" timestamp="2024-02-13T12:10:17 IST">
  <testcase classname="abstractionImplementation.RestAssuredTest" name="testAddPlace" time="1.772"/>
  <testcase classname="abstractionImplementation.RestAssuredTest" name="testGetPlace" time="1.083"/>
  <testcase classname="abstractionImplementation.RestAssuredTest" name="testUpdatePlace" time="1.237"/>
  <testcase classname="abstractionImplementation.RestAssuredTest" name="testDeletePlace" time="1.356"/>
  <testcase classname="encapsulation.RestAssuredTest" name="testAddPlace" time="0.123"/>
  <testcase classname="encapsulation.RestAssuredTest" name="testGetPlace" time="0.787"/>
  <testcase classname="encapsulation.RestAssuredTest" name="testUpdatePlace" time="1.314"/>
  <testcase classname="encapsulation.RestAssuredTest" name="testDeletePlace" time="1.313"/>
  <testcase classname="inheritanceImplementation.RestAssuredTest" name="testRestAssured" time="3.705"/>
  <testcase classname="intermediate.CreateArrayNode" name="arrayNodeTest" time="1.074"/>
  <testcase classname="intermediate.CreateJSONObjectUsingJacksonAPI" name="ObjectNode" time="0.017"/>
  <testcase classname="intermediate.CreatingJSONArrayRequestBodyUsingList" name="createJsonArrayRequestBody" time="0.142"/>
  <testcase classname="intermediate.CreatingJSONObjectRequestBodyUsingJavaMap" name="createJsonObjectRequestBody" time="0.15"/>
  <testcase classname="intermediate.JavaObjectAsPayloadExample" name="postRequestUsingJavaObjectPayload" time="0.167"/>
  <testcase classname="intermediate.SendPaloadAsFile" name="sendJsonPayload" time="0.124"/>
</testsuite> <!-- Test -->
