<?xml version="1.0" encoding="UTF-8"?>
<!-- Generated by org.testng.reporters.JUnitXMLReporter -->
<testsuite ignored="0" hostname="COGNINE-L165" failures="0" tests="15" name="Test" time="14.035" errors="0" timestamp="2024-02-02T04:03:20 IST">
  <testcase classname="abstractionImplementation.RestAssuredTest" name="testAddPlace" time="2.212"/>
  <testcase classname="abstractionImplementation.RestAssuredTest" name="testGetPlace" time="0.733"/>
  <testcase classname="abstractionImplementation.RestAssuredTest" name="testUpdatePlace" time="1.17"/>
  <testcase classname="abstractionImplementation.RestAssuredTest" name="testDeletePlace" time="1.276"/>
  <testcase classname="encapsulation.RestAssuredTest" name="testAddPlace" time="0.126"/>
  <testcase classname="encapsulation.RestAssuredTest" name="testGetPlace" time="0.893"/>
  <testcase classname="encapsulation.RestAssuredTest" name="testUpdatePlace" time="1.223"/>
  <testcase classname="encapsulation.RestAssuredTest" name="testDeletePlace" time="1.179"/>
  <testcase classname="inheritanceImplementation.RestAssuredTest" name="testRestAssured" time="3.411"/>
  <testcase classname="intermediate.CreateArrayNode" name="arrayNodeTest" time="1.134"/>
  <testcase classname="intermediate.CreateJSONObjectUsingJacksonAPI" name="ObjectNode" time="0.019"/>
  <testcase classname="intermediate.CreatingJSONArrayRequestBodyUsingList" name="createJsonArrayRequestBody" time="0.136"/>
  <testcase classname="intermediate.CreatingJSONObjectRequestBodyUsingJavaMap" name="createJsonObjectRequestBody" time="0.149"/>
  <testcase classname="intermediate.JavaObjectAsPayloadExample" name="postRequestUsingJavaObjectPayload" time="0.179"/>
  <testcase classname="intermediate.SendPaloadAsFile" name="sendJsonPayload" time="0.118"/>
</testsuite> <!-- Test -->
