<?xml version="1.0" encoding="UTF-8"?>
<testng-results ignored="0" total="1" passed="1" failed="0" skipped="0">
  <reporter-output>
  </reporter-output>
  <suite started-at="2024-01-10T15:06:51 IST" name="Default suite" finished-at="2024-01-10T15:06:54 IST" duration-ms="3720">
    <groups>
    </groups>
    <test started-at="2024-01-10T15:06:51 IST" name="Default test" finished-at="2024-01-10T15:06:54 IST" duration-ms="3720">
      <class name="pojo.JSONIgnore">
        <test-method signature="testPutPlace()[pri:0, instance:pojo.JSONIgnore@4b0d79fc]" started-at="2024-01-10T15:06:51 IST" name="testPutPlace" finished-at="2024-01-10T15:06:54 IST" duration-ms="3672" status="PASS">
          <reporter-output>
          </reporter-output>
        </test-method> <!-- testPutPlace -->
      </class> <!-- pojo.JSONIgnore -->
    </test> <!-- Default test -->
  </suite> <!-- Default suite -->
</testng-results>
