<?xml version="1.0" encoding="UTF-8"?>
<testng-results ignored="0" total="1" passed="1" failed="0" skipped="0">
  <reporter-output>
  </reporter-output>
  <suite started-at="2024-06-10T12:50:43 IST" name="Default suite" finished-at="2024-06-10T12:50:46 IST" duration-ms="2424">
    <groups>
    </groups>
    <test started-at="2024-06-10T12:50:43 IST" name="Default test" finished-at="2024-06-10T12:50:46 IST" duration-ms="2424">
      <class name="advanced.ParseJsonArrayResponseToList">
        <test-method signature="addPlaceAndGetPlace()[pri:0, instance:advanced.ParseJsonArrayResponseToList@1a482e36]" started-at="2024-06-10T12:50:43 IST" name="addPlaceAndGetPlace" finished-at="2024-06-10T12:50:46 IST" duration-ms="2386" status="PASS">
          <reporter-output>
          </reporter-output>
        </test-method> <!-- addPlaceAndGetPlace -->
      </class> <!-- advanced.ParseJsonArrayResponseToList -->
    </test> <!-- Default test -->
  </suite> <!-- Default suite -->
</testng-results>
